2020-12-01 18:23:46.981  INFO 31375 --- [restartedMain] c.a.libraryapi.LibraryApiApplication     : Starting LibraryApiApplication using Java 11.0.9.1 on andre-PC with PID 31375 (/home/andre/Documents/Udemy/SpringBoot+TDD/library-api/target/classes started by andre in /home/andre/Documents/Udemy/SpringBoot+TDD/library-api)
2020-12-01 18:23:46.989  INFO 31375 --- [restartedMain] c.a.libraryapi.LibraryApiApplication     : No active profile set, falling back to default profiles: default
2020-12-01 18:23:47.151  INFO 31375 --- [restartedMain] .e.DevToolsPropertyDefaultsPostProcessor : Devtools property defaults active! Set 'spring.devtools.add-properties' to 'false' to disable
2020-12-01 18:23:47.152  INFO 31375 --- [restartedMain] .e.DevToolsPropertyDefaultsPostProcessor : For additional web related logging consider setting the 'logging.level.web' property to 'DEBUG'
2020-12-01 18:23:48.582  INFO 31375 --- [restartedMain] .s.d.r.c.RepositoryConfigurationDelegate : Bootstrapping Spring Data JPA repositories in DEFERRED mode.
2020-12-01 18:23:48.648  INFO 31375 --- [restartedMain] .s.d.r.c.RepositoryConfigurationDelegate : Finished Spring Data repository scanning in 52 ms. Found 2 JPA repository interfaces.
2020-12-01 18:23:49.384  INFO 31375 --- [restartedMain] o.s.b.w.embedded.tomcat.TomcatWebServer  : Tomcat initialized with port(s): 8080 (http)
2020-12-01 18:23:49.397  INFO 31375 --- [restartedMain] o.apache.catalina.core.StandardService   : Starting service [Tomcat]
2020-12-01 18:23:49.397  INFO 31375 --- [restartedMain] org.apache.catalina.core.StandardEngine  : Starting Servlet engine: [Apache Tomcat/9.0.39]
2020-12-01 18:23:49.496  INFO 31375 --- [restartedMain] o.a.c.c.C.[Tomcat].[localhost].[/]       : Initializing Spring embedded WebApplicationContext
2020-12-01 18:23:49.497  INFO 31375 --- [restartedMain] w.s.c.ServletWebServerApplicationContext : Root WebApplicationContext: initialization completed in 2345 ms
2020-12-01 18:23:49.662  INFO 31375 --- [restartedMain] com.zaxxer.hikari.HikariDataSource       : HikariPool-1 - Starting...
2020-12-01 18:23:49.846  INFO 31375 --- [restartedMain] com.zaxxer.hikari.HikariDataSource       : HikariPool-1 - Start completed.
2020-12-01 18:23:49.853  INFO 31375 --- [restartedMain] o.s.b.a.h2.H2ConsoleAutoConfiguration    : H2 console available at '/h2-console'. Database available at 'jdbc:h2:mem:f9605068-4034-475a-b6a4-1de5125fc089'
2020-12-01 18:23:50.017  INFO 31375 --- [restartedMain] o.s.s.concurrent.ThreadPoolTaskExecutor  : Initializing ExecutorService 'applicationTaskExecutor'
2020-12-01 18:23:50.039  INFO 31375 --- [restartedMain] o.s.s.c.ThreadPoolTaskScheduler          : Initializing ExecutorService 'taskScheduler'
2020-12-01 18:23:50.122  INFO 31375 --- [task-1] o.hibernate.jpa.internal.util.LogHelper  : HHH000204: Processing PersistenceUnitInfo [name: default]
2020-12-01 18:23:50.183  INFO 31375 --- [task-1] org.hibernate.Version                    : HHH000412: Hibernate ORM core version 5.4.23.Final
2020-12-01 18:23:50.312  INFO 31375 --- [task-1] o.hibernate.annotations.common.Version   : HCANN000001: Hibernate Commons Annotations {5.1.2.Final}
2020-12-01 18:23:50.439  INFO 31375 --- [task-1] org.hibernate.dialect.Dialect            : HHH000400: Using dialect: org.hibernate.dialect.H2Dialect
2020-12-01 18:23:50.520  WARN 31375 --- [restartedMain] JpaBaseConfiguration$JpaWebConfiguration : spring.jpa.open-in-view is enabled by default. Therefore, database queries may be performed during view rendering. Explicitly configure spring.jpa.open-in-view to disable this warning
2020-12-01 18:23:50.968  INFO 31375 --- [restartedMain] o.s.b.a.e.web.EndpointLinksResolver      : Exposing 14 endpoint(s) beneath base path '/actuator'
2020-12-01 18:23:51.116  INFO 31375 --- [restartedMain] pertySourcedRequestMappingHandlerMapping : Mapped URL path [/v2/api-docs] onto method [springfox.documentation.swagger2.web.Swagger2Controller#getDocumentation(String, HttpServletRequest)]
2020-12-01 18:23:51.299  INFO 31375 --- [restartedMain] o.s.b.d.a.OptionalLiveReloadServer       : LiveReload server is running on port 35729
2020-12-01 18:23:51.431  INFO 31375 --- [task-1] o.h.e.t.j.p.i.JtaPlatformInitiator       : HHH000490: Using JtaPlatform implementation: [org.hibernate.engine.transaction.jta.platform.internal.NoJtaPlatform]
2020-12-01 18:23:51.446  INFO 31375 --- [task-1] j.LocalContainerEntityManagerFactoryBean : Initialized JPA EntityManagerFactory for persistence unit 'default'
2020-12-01 18:23:51.649  INFO 31375 --- [restartedMain] o.s.b.w.embedded.tomcat.TomcatWebServer  : Tomcat started on port(s): 8080 (http) with context path ''
2020-12-01 18:23:51.651  INFO 31375 --- [restartedMain] d.s.w.p.DocumentationPluginsBootstrapper : Context refreshed
2020-12-01 18:23:51.674  INFO 31375 --- [restartedMain] d.s.w.p.DocumentationPluginsBootstrapper : Found 1 custom documentation plugin(s)
2020-12-01 18:23:51.722  INFO 31375 --- [restartedMain] s.d.s.w.s.ApiListingReferenceScanner     : Scanning for api listing references
2020-12-01 18:23:51.886  INFO 31375 --- [restartedMain] .d.s.w.r.o.CachingOperationNameGenerator : Generating unique operation named: createUsingPOST_1
2020-12-01 18:23:51.891  INFO 31375 --- [restartedMain] .d.s.w.r.o.CachingOperationNameGenerator : Generating unique operation named: findUsingGET_1
2020-12-01 18:23:51.903  INFO 31375 --- [restartedMain] DeferredRepositoryInitializationListener : Triggering deferred initialization of Spring Data repositories…
2020-12-01 18:23:52.332  INFO 31375 --- [restartedMain] DeferredRepositoryInitializationListener : Spring Data repositories initialized!
2020-12-01 18:23:52.371  INFO 31375 --- [restartedMain] c.a.libraryapi.LibraryApiApplication     : Started LibraryApiApplication in 5.936 seconds (JVM running for 6.592)
2020-12-01 18:23:52.510  INFO 31375 --- [http-nio-8080-exec-1] o.a.c.c.C.[Tomcat].[localhost].[/]       : Initializing Spring DispatcherServlet 'dispatcherServlet'
2020-12-01 18:23:52.510  INFO 31375 --- [http-nio-8080-exec-1] o.s.web.servlet.DispatcherServlet        : Initializing Servlet 'dispatcherServlet'
2020-12-01 18:23:52.512  INFO 31375 --- [http-nio-8080-exec-1] o.s.web.servlet.DispatcherServlet        : Completed initialization in 2 ms
2020-12-01 18:24:06.349  INFO 31375 --- [http-nio-8080-exec-6] c.a.l.api.resource.BookController        : Creating a book for ISBN: string
2020-12-01 19:01:10.668  INFO 31375 --- [SpringContextShutdownHook] j.LocalContainerEntityManagerFactoryBean : Closing JPA EntityManagerFactory for persistence unit 'default'
2020-12-01 19:01:10.669  INFO 31375 --- [SpringContextShutdownHook] .SchemaDropperImpl$DelayedDropActionImpl : HHH000477: Starting delayed evictData of schema as part of SessionFactory shut-down'
2020-12-01 19:01:10.690  INFO 31375 --- [SpringContextShutdownHook] o.s.s.c.ThreadPoolTaskScheduler          : Shutting down ExecutorService 'taskScheduler'
2020-12-01 19:01:10.691  INFO 31375 --- [SpringContextShutdownHook] o.s.s.concurrent.ThreadPoolTaskExecutor  : Shutting down ExecutorService 'applicationTaskExecutor'
2020-12-01 19:01:10.908  WARN 31375 --- [SpringContextShutdownHook] o.s.b.f.support.DisposableBeanAdapter    : Invocation of destroy method failed on bean with name 'inMemoryDatabaseShutdownExecutor': org.h2.jdbc.JdbcSQLNonTransientConnectionException: Database is already closed (to disable automatic closing at VM shutdown, add ";DB_CLOSE_ON_EXIT=FALSE" to the db URL) [90121-200]
2020-12-01 19:01:10.910  INFO 31375 --- [SpringContextShutdownHook] com.zaxxer.hikari.HikariDataSource       : HikariPool-1 - Shutdown initiated...
2020-12-01 19:01:10.919  INFO 31375 --- [SpringContextShutdownHook] com.zaxxer.hikari.HikariDataSource       : HikariPool-1 - Shutdown completed.
2020-12-01 19:04:22.886  INFO 33446 --- [restartedMain] c.a.libraryapi.LibraryApiApplication     : Starting LibraryApiApplication using Java 11.0.9.1 on andre-PC with PID 33446 (/home/andre/Documents/Udemy/SpringBoot+TDD/library-api/target/classes started by andre in /home/andre/Documents/Udemy/SpringBoot+TDD/library-api)
2020-12-01 19:04:22.901  INFO 33446 --- [restartedMain] c.a.libraryapi.LibraryApiApplication     : No active profile set, falling back to default profiles: default
2020-12-01 19:04:22.969  INFO 33446 --- [restartedMain] .e.DevToolsPropertyDefaultsPostProcessor : Devtools property defaults active! Set 'spring.devtools.add-properties' to 'false' to disable
2020-12-01 19:04:22.969  INFO 33446 --- [restartedMain] .e.DevToolsPropertyDefaultsPostProcessor : For additional web related logging consider setting the 'logging.level.web' property to 'DEBUG'
2020-12-01 19:04:24.432  INFO 33446 --- [restartedMain] .s.d.r.c.RepositoryConfigurationDelegate : Bootstrapping Spring Data JPA repositories in DEFERRED mode.
2020-12-01 19:04:24.486  INFO 33446 --- [restartedMain] .s.d.r.c.RepositoryConfigurationDelegate : Finished Spring Data repository scanning in 43 ms. Found 2 JPA repository interfaces.
2020-12-01 19:04:25.056  INFO 33446 --- [restartedMain] o.s.b.w.embedded.tomcat.TomcatWebServer  : Tomcat initialized with port(s): 8080 (http)
2020-12-01 19:04:25.065  INFO 33446 --- [restartedMain] o.apache.catalina.core.StandardService   : Starting service [Tomcat]
2020-12-01 19:04:25.065  INFO 33446 --- [restartedMain] org.apache.catalina.core.StandardEngine  : Starting Servlet engine: [Apache Tomcat/9.0.39]
2020-12-01 19:04:25.134  INFO 33446 --- [restartedMain] o.a.c.c.C.[Tomcat].[localhost].[/]       : Initializing Spring embedded WebApplicationContext
2020-12-01 19:04:25.134  INFO 33446 --- [restartedMain] w.s.c.ServletWebServerApplicationContext : Root WebApplicationContext: initialization completed in 2164 ms
2020-12-01 19:04:25.278  INFO 33446 --- [restartedMain] com.zaxxer.hikari.HikariDataSource       : HikariPool-1 - Starting...
2020-12-01 19:04:25.466  INFO 33446 --- [restartedMain] com.zaxxer.hikari.HikariDataSource       : HikariPool-1 - Start completed.
2020-12-01 19:04:25.473  INFO 33446 --- [restartedMain] o.s.b.a.h2.H2ConsoleAutoConfiguration    : H2 console available at '/h2-console'. Database available at 'jdbc:h2:mem:ba9072fe-55e4-42c9-adc6-430f008b1936'
2020-12-01 19:04:25.551  INFO 33446 --- [restartedMain] o.s.b.a.e.web.ServletEndpointRegistrar   : Registered '/actuator/jolokia' to jolokia-actuator-endpoint
2020-12-01 19:04:25.625  INFO 33446 --- [restartedMain] o.s.s.concurrent.ThreadPoolTaskExecutor  : Initializing ExecutorService 'applicationTaskExecutor'
2020-12-01 19:04:25.639  INFO 33446 --- [restartedMain] o.s.s.c.ThreadPoolTaskScheduler          : Initializing ExecutorService 'taskScheduler'
2020-12-01 19:04:25.685  INFO 33446 --- [task-1] o.hibernate.jpa.internal.util.LogHelper  : HHH000204: Processing PersistenceUnitInfo [name: default]
2020-12-01 19:04:25.741  INFO 33446 --- [task-1] org.hibernate.Version                    : HHH000412: Hibernate ORM core version 5.4.23.Final
2020-12-01 19:04:25.908  INFO 33446 --- [task-1] o.hibernate.annotations.common.Version   : HCANN000001: Hibernate Commons Annotations {5.1.2.Final}
2020-12-01 19:04:25.980  WARN 33446 --- [restartedMain] JpaBaseConfiguration$JpaWebConfiguration : spring.jpa.open-in-view is enabled by default. Therefore, database queries may be performed during view rendering. Explicitly configure spring.jpa.open-in-view to disable this warning
2020-12-01 19:04:26.027  INFO 33446 --- [task-1] org.hibernate.dialect.Dialect            : HHH000400: Using dialect: org.hibernate.dialect.H2Dialect
2020-12-01 19:04:26.232  INFO 33446 --- [restartedMain] o.s.b.a.e.web.EndpointLinksResolver      : Exposing 15 endpoint(s) beneath base path '/actuator'
2020-12-01 19:04:26.311  INFO 33446 --- [restartedMain] pertySourcedRequestMappingHandlerMapping : Mapped URL path [/v2/api-docs] onto method [springfox.documentation.swagger2.web.Swagger2Controller#getDocumentation(String, HttpServletRequest)]
2020-12-01 19:04:26.410  INFO 33446 --- [restartedMain] o.s.b.d.a.OptionalLiveReloadServer       : LiveReload server is running on port 35729
2020-12-01 19:04:26.547  INFO 33446 --- [restartedMain] o.s.s.c.ThreadPoolTaskScheduler          : Initializing ExecutorService
2020-12-01 19:04:26.667  INFO 33446 --- [task-1] o.h.e.t.j.p.i.JtaPlatformInitiator       : HHH000490: Using JtaPlatform implementation: [org.hibernate.engine.transaction.jta.platform.internal.NoJtaPlatform]
2020-12-01 19:04:26.674  INFO 33446 --- [task-1] j.LocalContainerEntityManagerFactoryBean : Initialized JPA EntityManagerFactory for persistence unit 'default'
2020-12-01 19:04:26.701  INFO 33446 --- [restartedMain] o.s.b.w.embedded.tomcat.TomcatWebServer  : Tomcat started on port(s): 8080 (http) with context path ''
2020-12-01 19:04:26.702  INFO 33446 --- [restartedMain] d.s.w.p.DocumentationPluginsBootstrapper : Context refreshed
2020-12-01 19:04:26.719  INFO 33446 --- [restartedMain] d.s.w.p.DocumentationPluginsBootstrapper : Found 1 custom documentation plugin(s)
2020-12-01 19:04:26.755  INFO 33446 --- [restartedMain] s.d.s.w.s.ApiListingReferenceScanner     : Scanning for api listing references
2020-12-01 19:04:26.952  INFO 33446 --- [restartedMain] .d.s.w.r.o.CachingOperationNameGenerator : Generating unique operation named: createUsingPOST_1
2020-12-01 19:04:26.962  INFO 33446 --- [restartedMain] .d.s.w.r.o.CachingOperationNameGenerator : Generating unique operation named: findUsingGET_1
2020-12-01 19:04:26.973  INFO 33446 --- [restartedMain] DeferredRepositoryInitializationListener : Triggering deferred initialization of Spring Data repositories…
2020-12-01 19:04:27.416  INFO 33446 --- [restartedMain] DeferredRepositoryInitializationListener : Spring Data repositories initialized!
2020-12-01 19:04:27.432  INFO 33446 --- [restartedMain] c.a.libraryapi.LibraryApiApplication     : Started LibraryApiApplication in 5.335 seconds (JVM running for 6.22)
2020-12-01 19:04:27.536  WARN 33446 --- [registrationTask1] d.c.b.a.c.r.ApplicationRegistrator       : Failed to register application as Application(name=spring-boot-application, managementUrl=http://andre-PC:8080/actuator, healthUrl=http://andre-PC:8080/actuator/health, serviceUrl=http://andre-PC:8080/) at spring-boot-admin ([http://localhost:8081//instances]): 404 : [{"timestamp":"2020-12-01T22:04:27.530+00:00","status":404,"error":"Not Found","message":"","path":"/instances"}]. Further attempts are logged on DEBUG level
